Arguments: 
  /usr/local/bin/node /usr/local/bin/yarn add --dev webpack webpack-dev-server html-webpack-plugin style-loader css-loader less-loader less

PATH: 
  /Library/Frameworks/Python.framework/Versions/3.6/bin:/Library/Frameworks/Python.framework/Versions/2.7/bin:/usr/local/Cellar/android-sdk/24.4.1_1/tools:/usr/local/Cellar/android-sdk/24.4.1_1/platform-tools:/usr/local/Cellar/android-sdk/24.4.1_1:/Users/ouyangcharles/cocos2d/templates:/Users/ouyangcharles:/Users/ouyangcharles/cocos2d/tools/cocos2d-console/bin:/Users/ouyangcharles/Projects/PlayFramework/activator-1.3.9-minimal/bin:/usr/local/Frameworks/Python.framework/Versions/3.5/bin:/usr/local/bin:/usr/bin:/bin:/usr/sbin:/sbin:/opt/X11/bin:/usr/local/git/bin:/usr/local/go/bin:/Users/ouyangcharles/.vimpkg/bin:/Users/ouyangcharles/.vimpkg/bin:/Users/ouyangcharles/.vimpkg/bin:/Users/ouyangcharles/.vimpkg/bin

Yarn version: 
  0.17.10

Node version: 
  7.6.0

Platform: 
  darwin x64

npm manifest: 
  {
    "name": "demo03",
    "version": "1.0.0",
    "main": "index.js",
    "license": "MIT"
  }

yarn manifest: 
  No manifest

Lockfile: 
  No lockfile

Trace: 
  Error: read ETIMEDOUT
      at exports._errnoException (util.js:1028:11)
      at TLSWrap.onread (net.js:572:26)
